<?xml version="1.0" encoding="UTF-8"?>
<testsuite xmlns:xsi="http://www.w3.org/2001/XMLSchema-instance" xsi:noNamespaceSchemaLocation="https://maven.apache.org/surefire/maven-surefire-plugin/xsd/surefire-test-report.xsd" name="com.blog.blog.BlogApplicationTests" time="5.025" tests="1" errors="0" skipped="0" failures="0">
  <properties>
    <property name="sun.desktop" value="windows"/>
    <property name="awt.toolkit" value="sun.awt.windows.WToolkit"/>
    <property name="file.encoding.pkg" value="sun.io"/>
    <property name="java.specification.version" value="1.8"/>
    <property name="sun.cpu.isalist" value="amd64"/>
    <property name="sun.jnu.encoding" value="GBK"/>
    <property name="java.class.path" value="F:\blogservice\blog\target\test-classes;F:\blogservice\blog\target\classes;E:\mvnRespo\org\springframework\boot\spring-boot-starter-jdbc\2.0.3.RELEASE\spring-boot-starter-jdbc-2.0.3.RELEASE.jar;E:\mvnRespo\org\springframework\boot\spring-boot-starter\2.0.3.RELEASE\spring-boot-starter-2.0.3.RELEASE.jar;E:\mvnRespo\org\springframework\boot\spring-boot\2.0.3.RELEASE\spring-boot-2.0.3.RELEASE.jar;E:\mvnRespo\org\springframework\boot\spring-boot-autoconfigure\2.0.3.RELEASE\spring-boot-autoconfigure-2.0.3.RELEASE.jar;E:\mvnRespo\org\springframework\boot\spring-boot-starter-logging\2.0.3.RELEASE\spring-boot-starter-logging-2.0.3.RELEASE.jar;E:\mvnRespo\ch\qos\logback\logback-classic\1.2.3\logback-classic-1.2.3.jar;E:\mvnRespo\ch\qos\logback\logback-core\1.2.3\logback-core-1.2.3.jar;E:\mvnRespo\org\apache\logging\log4j\log4j-to-slf4j\2.10.0\log4j-to-slf4j-2.10.0.jar;E:\mvnRespo\org\apache\logging\log4j\log4j-api\2.10.0\log4j-api-2.10.0.jar;E:\mvnRespo\org\slf4j\jul-to-slf4j\1.7.25\jul-to-slf4j-1.7.25.jar;E:\mvnRespo\javax\annotation\javax.annotation-api\1.3.2\javax.annotation-api-1.3.2.jar;E:\mvnRespo\org\yaml\snakeyaml\1.19\snakeyaml-1.19.jar;E:\mvnRespo\com\zaxxer\HikariCP\2.7.9\HikariCP-2.7.9.jar;E:\mvnRespo\org\slf4j\slf4j-api\1.7.25\slf4j-api-1.7.25.jar;E:\mvnRespo\org\springframework\spring-jdbc\5.0.7.RELEASE\spring-jdbc-5.0.7.RELEASE.jar;E:\mvnRespo\org\springframework\spring-beans\5.0.7.RELEASE\spring-beans-5.0.7.RELEASE.jar;E:\mvnRespo\org\springframework\spring-tx\5.0.7.RELEASE\spring-tx-5.0.7.RELEASE.jar;E:\mvnRespo\org\springframework\boot\spring-boot-starter-thymeleaf\2.0.3.RELEASE\spring-boot-starter-thymeleaf-2.0.3.RELEASE.jar;E:\mvnRespo\org\thymeleaf\thymeleaf-spring5\3.0.9.RELEASE\thymeleaf-spring5-3.0.9.RELEASE.jar;E:\mvnRespo\org\thymeleaf\thymeleaf\3.0.9.RELEASE\thymeleaf-3.0.9.RELEASE.jar;E:\mvnRespo\org\attoparser\attoparser\2.0.4.RELEASE\attoparser-2.0.4.RELEASE.jar;E:\mvnRespo\org\unbescape\unbescape\1.1.5.RELEASE\unbescape-1.1.5.RELEASE.jar;E:\mvnRespo\org\thymeleaf\extras\thymeleaf-extras-java8time\3.0.1.RELEASE\thymeleaf-extras-java8time-3.0.1.RELEASE.jar;E:\mvnRespo\org\springframework\boot\spring-boot-starter-web\2.0.3.RELEASE\spring-boot-starter-web-2.0.3.RELEASE.jar;E:\mvnRespo\org\springframework\boot\spring-boot-starter-json\2.0.3.RELEASE\spring-boot-starter-json-2.0.3.RELEASE.jar;E:\mvnRespo\com\fasterxml\jackson\core\jackson-databind\2.9.6\jackson-databind-2.9.6.jar;E:\mvnRespo\com\fasterxml\jackson\core\jackson-annotations\2.9.0\jackson-annotations-2.9.0.jar;E:\mvnRespo\com\fasterxml\jackson\core\jackson-core\2.9.6\jackson-core-2.9.6.jar;E:\mvnRespo\com\fasterxml\jackson\datatype\jackson-datatype-jdk8\2.9.6\jackson-datatype-jdk8-2.9.6.jar;E:\mvnRespo\com\fasterxml\jackson\datatype\jackson-datatype-jsr310\2.9.6\jackson-datatype-jsr310-2.9.6.jar;E:\mvnRespo\com\fasterxml\jackson\module\jackson-module-parameter-names\2.9.6\jackson-module-parameter-names-2.9.6.jar;E:\mvnRespo\org\springframework\boot\spring-boot-starter-tomcat\2.0.3.RELEASE\spring-boot-starter-tomcat-2.0.3.RELEASE.jar;E:\mvnRespo\org\apache\tomcat\embed\tomcat-embed-core\8.5.31\tomcat-embed-core-8.5.31.jar;E:\mvnRespo\org\apache\tomcat\embed\tomcat-embed-el\8.5.31\tomcat-embed-el-8.5.31.jar;E:\mvnRespo\org\apache\tomcat\embed\tomcat-embed-websocket\8.5.31\tomcat-embed-websocket-8.5.31.jar;E:\mvnRespo\org\hibernate\validator\hibernate-validator\6.0.10.Final\hibernate-validator-6.0.10.Final.jar;E:\mvnRespo\javax\validation\validation-api\2.0.1.Final\validation-api-2.0.1.Final.jar;E:\mvnRespo\org\jboss\logging\jboss-logging\3.3.2.Final\jboss-logging-3.3.2.Final.jar;E:\mvnRespo\com\fasterxml\classmate\1.3.4\classmate-1.3.4.jar;E:\mvnRespo\org\springframework\spring-web\5.0.7.RELEASE\spring-web-5.0.7.RELEASE.jar;E:\mvnRespo\org\springframework\spring-webmvc\5.0.7.RELEASE\spring-webmvc-5.0.7.RELEASE.jar;E:\mvnRespo\org\springframework\spring-aop\5.0.7.RELEASE\spring-aop-5.0.7.RELEASE.jar;E:\mvnRespo\org\springframework\spring-context\5.0.7.RELEASE\spring-context-5.0.7.RELEASE.jar;E:\mvnRespo\org\springframework\spring-expression\5.0.7.RELEASE\spring-expression-5.0.7.RELEASE.jar;E:\mvnRespo\org\mybatis\spring\boot\mybatis-spring-boot-starter\1.3.2\mybatis-spring-boot-starter-1.3.2.jar;E:\mvnRespo\org\mybatis\spring\boot\mybatis-spring-boot-autoconfigure\1.3.2\mybatis-spring-boot-autoconfigure-1.3.2.jar;E:\mvnRespo\org\mybatis\mybatis\3.4.6\mybatis-3.4.6.jar;E:\mvnRespo\org\mybatis\mybatis-spring\1.3.2\mybatis-spring-1.3.2.jar;E:\mvnRespo\mysql\mysql-connector-java\5.1.46\mysql-connector-java-5.1.46.jar;E:\mvnRespo\org\springframework\boot\spring-boot-starter-test\2.0.3.RELEASE\spring-boot-starter-test-2.0.3.RELEASE.jar;E:\mvnRespo\org\springframework\boot\spring-boot-test\2.0.3.RELEASE\spring-boot-test-2.0.3.RELEASE.jar;E:\mvnRespo\org\springframework\boot\spring-boot-test-autoconfigure\2.0.3.RELEASE\spring-boot-test-autoconfigure-2.0.3.RELEASE.jar;E:\mvnRespo\com\jayway\jsonpath\json-path\2.4.0\json-path-2.4.0.jar;E:\mvnRespo\net\minidev\json-smart\2.3\json-smart-2.3.jar;E:\mvnRespo\net\minidev\accessors-smart\1.2\accessors-smart-1.2.jar;E:\mvnRespo\org\ow2\asm\asm\5.0.4\asm-5.0.4.jar;E:\mvnRespo\junit\junit\4.12\junit-4.12.jar;E:\mvnRespo\org\assertj\assertj-core\3.9.1\assertj-core-3.9.1.jar;E:\mvnRespo\org\mockito\mockito-core\2.15.0\mockito-core-2.15.0.jar;E:\mvnRespo\net\bytebuddy\byte-buddy\1.7.11\byte-buddy-1.7.11.jar;E:\mvnRespo\net\bytebuddy\byte-buddy-agent\1.7.11\byte-buddy-agent-1.7.11.jar;E:\mvnRespo\org\objenesis\objenesis\2.6\objenesis-2.6.jar;E:\mvnRespo\org\hamcrest\hamcrest-core\1.3\hamcrest-core-1.3.jar;E:\mvnRespo\org\hamcrest\hamcrest-library\1.3\hamcrest-library-1.3.jar;E:\mvnRespo\org\skyscreamer\jsonassert\1.5.0\jsonassert-1.5.0.jar;E:\mvnRespo\com\vaadin\external\google\android-json\0.0.20131108.vaadin1\android-json-0.0.20131108.vaadin1.jar;E:\mvnRespo\org\springframework\spring-core\5.0.7.RELEASE\spring-core-5.0.7.RELEASE.jar;E:\mvnRespo\org\springframework\spring-jcl\5.0.7.RELEASE\spring-jcl-5.0.7.RELEASE.jar;E:\mvnRespo\org\springframework\spring-test\5.0.7.RELEASE\spring-test-5.0.7.RELEASE.jar;E:\mvnRespo\org\xmlunit\xmlunit-core\2.5.1\xmlunit-core-2.5.1.jar;"/>
    <property name="java.vm.vendor" value="Oracle Corporation"/>
    <property name="sun.arch.data.model" value="64"/>
    <property name="user.variant" value=""/>
    <property name="java.vendor.url" value="http://java.oracle.com/"/>
    <property name="user.timezone" value=""/>
    <property name="java.vm.specification.version" value="1.8"/>
    <property name="os.name" value="Windows 10"/>
    <property name="user.country" value="CN"/>
    <property name="sun.java.launcher" value="SUN_STANDARD"/>
    <property name="sun.boot.library.path" value="D:\soft\java\jre\bin"/>
    <property name="sun.java.command" value="C:\Users\zfor\AppData\Local\Temp\surefire1931348658211687132\surefirebooter3184555132735518992.jar C:\Users\zfor\AppData\Local\Temp\surefire1931348658211687132 2018-07-15T15-07-49_468-jvmRun1 surefire3303049216337711476tmp surefire_05263151003919103591tmp"/>
    <property name="surefire.test.class.path" value="F:\blogservice\blog\target\test-classes;F:\blogservice\blog\target\classes;E:\mvnRespo\org\springframework\boot\spring-boot-starter-jdbc\2.0.3.RELEASE\spring-boot-starter-jdbc-2.0.3.RELEASE.jar;E:\mvnRespo\org\springframework\boot\spring-boot-starter\2.0.3.RELEASE\spring-boot-starter-2.0.3.RELEASE.jar;E:\mvnRespo\org\springframework\boot\spring-boot\2.0.3.RELEASE\spring-boot-2.0.3.RELEASE.jar;E:\mvnRespo\org\springframework\boot\spring-boot-autoconfigure\2.0.3.RELEASE\spring-boot-autoconfigure-2.0.3.RELEASE.jar;E:\mvnRespo\org\springframework\boot\spring-boot-starter-logging\2.0.3.RELEASE\spring-boot-starter-logging-2.0.3.RELEASE.jar;E:\mvnRespo\ch\qos\logback\logback-classic\1.2.3\logback-classic-1.2.3.jar;E:\mvnRespo\ch\qos\logback\logback-core\1.2.3\logback-core-1.2.3.jar;E:\mvnRespo\org\apache\logging\log4j\log4j-to-slf4j\2.10.0\log4j-to-slf4j-2.10.0.jar;E:\mvnRespo\org\apache\logging\log4j\log4j-api\2.10.0\log4j-api-2.10.0.jar;E:\mvnRespo\org\slf4j\jul-to-slf4j\1.7.25\jul-to-slf4j-1.7.25.jar;E:\mvnRespo\javax\annotation\javax.annotation-api\1.3.2\javax.annotation-api-1.3.2.jar;E:\mvnRespo\org\yaml\snakeyaml\1.19\snakeyaml-1.19.jar;E:\mvnRespo\com\zaxxer\HikariCP\2.7.9\HikariCP-2.7.9.jar;E:\mvnRespo\org\slf4j\slf4j-api\1.7.25\slf4j-api-1.7.25.jar;E:\mvnRespo\org\springframework\spring-jdbc\5.0.7.RELEASE\spring-jdbc-5.0.7.RELEASE.jar;E:\mvnRespo\org\springframework\spring-beans\5.0.7.RELEASE\spring-beans-5.0.7.RELEASE.jar;E:\mvnRespo\org\springframework\spring-tx\5.0.7.RELEASE\spring-tx-5.0.7.RELEASE.jar;E:\mvnRespo\org\springframework\boot\spring-boot-starter-thymeleaf\2.0.3.RELEASE\spring-boot-starter-thymeleaf-2.0.3.RELEASE.jar;E:\mvnRespo\org\thymeleaf\thymeleaf-spring5\3.0.9.RELEASE\thymeleaf-spring5-3.0.9.RELEASE.jar;E:\mvnRespo\org\thymeleaf\thymeleaf\3.0.9.RELEASE\thymeleaf-3.0.9.RELEASE.jar;E:\mvnRespo\org\attoparser\attoparser\2.0.4.RELEASE\attoparser-2.0.4.RELEASE.jar;E:\mvnRespo\org\unbescape\unbescape\1.1.5.RELEASE\unbescape-1.1.5.RELEASE.jar;E:\mvnRespo\org\thymeleaf\extras\thymeleaf-extras-java8time\3.0.1.RELEASE\thymeleaf-extras-java8time-3.0.1.RELEASE.jar;E:\mvnRespo\org\springframework\boot\spring-boot-starter-web\2.0.3.RELEASE\spring-boot-starter-web-2.0.3.RELEASE.jar;E:\mvnRespo\org\springframework\boot\spring-boot-starter-json\2.0.3.RELEASE\spring-boot-starter-json-2.0.3.RELEASE.jar;E:\mvnRespo\com\fasterxml\jackson\core\jackson-databind\2.9.6\jackson-databind-2.9.6.jar;E:\mvnRespo\com\fasterxml\jackson\core\jackson-annotations\2.9.0\jackson-annotations-2.9.0.jar;E:\mvnRespo\com\fasterxml\jackson\core\jackson-core\2.9.6\jackson-core-2.9.6.jar;E:\mvnRespo\com\fasterxml\jackson\datatype\jackson-datatype-jdk8\2.9.6\jackson-datatype-jdk8-2.9.6.jar;E:\mvnRespo\com\fasterxml\jackson\datatype\jackson-datatype-jsr310\2.9.6\jackson-datatype-jsr310-2.9.6.jar;E:\mvnRespo\com\fasterxml\jackson\module\jackson-module-parameter-names\2.9.6\jackson-module-parameter-names-2.9.6.jar;E:\mvnRespo\org\springframework\boot\spring-boot-starter-tomcat\2.0.3.RELEASE\spring-boot-starter-tomcat-2.0.3.RELEASE.jar;E:\mvnRespo\org\apache\tomcat\embed\tomcat-embed-core\8.5.31\tomcat-embed-core-8.5.31.jar;E:\mvnRespo\org\apache\tomcat\embed\tomcat-embed-el\8.5.31\tomcat-embed-el-8.5.31.jar;E:\mvnRespo\org\apache\tomcat\embed\tomcat-embed-websocket\8.5.31\tomcat-embed-websocket-8.5.31.jar;E:\mvnRespo\org\hibernate\validator\hibernate-validator\6.0.10.Final\hibernate-validator-6.0.10.Final.jar;E:\mvnRespo\javax\validation\validation-api\2.0.1.Final\validation-api-2.0.1.Final.jar;E:\mvnRespo\org\jboss\logging\jboss-logging\3.3.2.Final\jboss-logging-3.3.2.Final.jar;E:\mvnRespo\com\fasterxml\classmate\1.3.4\classmate-1.3.4.jar;E:\mvnRespo\org\springframework\spring-web\5.0.7.RELEASE\spring-web-5.0.7.RELEASE.jar;E:\mvnRespo\org\springframework\spring-webmvc\5.0.7.RELEASE\spring-webmvc-5.0.7.RELEASE.jar;E:\mvnRespo\org\springframework\spring-aop\5.0.7.RELEASE\spring-aop-5.0.7.RELEASE.jar;E:\mvnRespo\org\springframework\spring-context\5.0.7.RELEASE\spring-context-5.0.7.RELEASE.jar;E:\mvnRespo\org\springframework\spring-expression\5.0.7.RELEASE\spring-expression-5.0.7.RELEASE.jar;E:\mvnRespo\org\mybatis\spring\boot\mybatis-spring-boot-starter\1.3.2\mybatis-spring-boot-starter-1.3.2.jar;E:\mvnRespo\org\mybatis\spring\boot\mybatis-spring-boot-autoconfigure\1.3.2\mybatis-spring-boot-autoconfigure-1.3.2.jar;E:\mvnRespo\org\mybatis\mybatis\3.4.6\mybatis-3.4.6.jar;E:\mvnRespo\org\mybatis\mybatis-spring\1.3.2\mybatis-spring-1.3.2.jar;E:\mvnRespo\mysql\mysql-connector-java\5.1.46\mysql-connector-java-5.1.46.jar;E:\mvnRespo\org\springframework\boot\spring-boot-starter-test\2.0.3.RELEASE\spring-boot-starter-test-2.0.3.RELEASE.jar;E:\mvnRespo\org\springframework\boot\spring-boot-test\2.0.3.RELEASE\spring-boot-test-2.0.3.RELEASE.jar;E:\mvnRespo\org\springframework\boot\spring-boot-test-autoconfigure\2.0.3.RELEASE\spring-boot-test-autoconfigure-2.0.3.RELEASE.jar;E:\mvnRespo\com\jayway\jsonpath\json-path\2.4.0\json-path-2.4.0.jar;E:\mvnRespo\net\minidev\json-smart\2.3\json-smart-2.3.jar;E:\mvnRespo\net\minidev\accessors-smart\1.2\accessors-smart-1.2.jar;E:\mvnRespo\org\ow2\asm\asm\5.0.4\asm-5.0.4.jar;E:\mvnRespo\junit\junit\4.12\junit-4.12.jar;E:\mvnRespo\org\assertj\assertj-core\3.9.1\assertj-core-3.9.1.jar;E:\mvnRespo\org\mockito\mockito-core\2.15.0\mockito-core-2.15.0.jar;E:\mvnRespo\net\bytebuddy\byte-buddy\1.7.11\byte-buddy-1.7.11.jar;E:\mvnRespo\net\bytebuddy\byte-buddy-agent\1.7.11\byte-buddy-agent-1.7.11.jar;E:\mvnRespo\org\objenesis\objenesis\2.6\objenesis-2.6.jar;E:\mvnRespo\org\hamcrest\hamcrest-core\1.3\hamcrest-core-1.3.jar;E:\mvnRespo\org\hamcrest\hamcrest-library\1.3\hamcrest-library-1.3.jar;E:\mvnRespo\org\skyscreamer\jsonassert\1.5.0\jsonassert-1.5.0.jar;E:\mvnRespo\com\vaadin\external\google\android-json\0.0.20131108.vaadin1\android-json-0.0.20131108.vaadin1.jar;E:\mvnRespo\org\springframework\spring-core\5.0.7.RELEASE\spring-core-5.0.7.RELEASE.jar;E:\mvnRespo\org\springframework\spring-jcl\5.0.7.RELEASE\spring-jcl-5.0.7.RELEASE.jar;E:\mvnRespo\org\springframework\spring-test\5.0.7.RELEASE\spring-test-5.0.7.RELEASE.jar;E:\mvnRespo\org\xmlunit\xmlunit-core\2.5.1\xmlunit-core-2.5.1.jar;"/>
    <property name="sun.cpu.endian" value="little"/>
    <property name="user.home" value="C:\Users\zfor"/>
    <property name="user.language" value="zh"/>
    <property name="java.specification.vendor" value="Oracle Corporation"/>
    <property name="java.home" value="D:\soft\java\jre"/>
    <property name="basedir" value="F:\blogservice\blog"/>
    <property name="file.separator" value="\"/>
    <property name="line.separator" value="&#10;"/>
    <property name="java.vm.specification.vendor" value="Oracle Corporation"/>
    <property name="java.specification.name" value="Java Platform API Specification"/>
    <property name="java.awt.graphicsenv" value="sun.awt.Win32GraphicsEnvironment"/>
    <property name="surefire.real.class.path" value="C:\Users\zfor\AppData\Local\Temp\surefire1931348658211687132\surefirebooter3184555132735518992.jar"/>
    <property name="sun.boot.class.path" value="D:\soft\java\jre\lib\resources.jar;D:\soft\java\jre\lib\rt.jar;D:\soft\java\jre\lib\sunrsasign.jar;D:\soft\java\jre\lib\jsse.jar;D:\soft\java\jre\lib\jce.jar;D:\soft\java\jre\lib\charsets.jar;D:\soft\java\jre\lib\jfr.jar;D:\soft\java\jre\classes"/>
    <property name="user.script" value=""/>
    <property name="sun.management.compiler" value="HotSpot 64-Bit Tiered Compilers"/>
    <property name="java.runtime.version" value="1.8.0_71-b15"/>
    <property name="user.name" value="zfor"/>
    <property name="path.separator" value=";"/>
    <property name="os.version" value="10.0"/>
    <property name="java.endorsed.dirs" value="D:\soft\java\jre\lib\endorsed"/>
    <property name="java.runtime.name" value="Java(TM) SE Runtime Environment"/>
    <property name="file.encoding" value="GBK"/>
    <property name="java.vm.name" value="Java HotSpot(TM) 64-Bit Server VM"/>
    <property name="localRepository" value="E:\mvnRespo"/>
    <property name="java.vendor.url.bug" value="http://bugreport.sun.com/bugreport/"/>
    <property name="java.io.tmpdir" value="C:\Users\zfor\AppData\Local\Temp\"/>
    <property name="idea.version" value="2017.2.1"/>
    <property name="java.version" value="1.8.0_71"/>
    <property name="user.dir" value="F:\blogservice\blog"/>
    <property name="os.arch" value="amd64"/>
    <property name="java.vm.specification.name" value="Java Virtual Machine Specification"/>
    <property name="java.awt.printerjob" value="sun.awt.windows.WPrinterJob"/>
    <property name="sun.os.patch.level" value=""/>
    <property name="java.library.path" value="D:\soft\java\jre\bin;C:\WINDOWS\Sun\Java\bin;C:\WINDOWS\system32;C:\WINDOWS;D:\soft\java\bin;D:\soft\java-jre\bin;D:\soft\python\Scripts\;D:\soft\python\;C:\Program Files (x86)\Common Files\NetSarang;D:\soft\oracle\product\11.2.0\dbhome_1\bin;C:\ProgramData\Oracle\Java\javapath;C:\WINDOWS\system32;C:\WINDOWS;C:\WINDOWS\System32\Wbem;C:\WINDOWS\System32\WindowsPowerShell\v1.0\;C:\Program Files (x86)\ATI Technologies\ATI.ACE\Core-Static;D:\soft\mysql\mysql-5.7.11-winx64\bin;D:\soft\svn\bin;D:\soft\apache-maven-3.1.0\bin;D:\php\php-7.0.5-Win32-VC14-x64\ext;D:\php\php-7.0.5-Win32-VC14-x64\session;D:\soft\nodejs\;D:\soft\nodejs\node_modules\npm;D:\soft\nodejs\node_global;F:\QQPCmgr\Desktop\gdal\release-1500-x64-gdal-2-1-3-mapserver-7-0-4\bin;D:\soft\memcached\memcached-amd64;E:\scala\bin;&quot;E:\scala\bin;E:\scala\jre\bin;&quot;;F:\QQPCmgr\Desktop\java jar\hadoop\hadoop-2.8.2\bin;D:\soft\android\studio\bin;D:\soft\android\studio\gradle\gradle-2.14.1\bin;C:\Program Files\Git\cmd;C:\WINDOWS\System32\OpenSSH\;C:\Users\zfor\AppData\Local\Microsoft\WindowsApps;C:\Users\zfor\AppData\Roaming\npm;;C:\Users\zfor\AppData\Local\Programs\Fiddler;%USERPROFILE%\AppData\Local\Microsoft\WindowsApps;."/>
    <property name="java.vm.info" value="mixed mode"/>
    <property name="java.vendor" value="Oracle Corporation"/>
    <property name="java.vm.version" value="25.71-b15"/>
    <property name="java.ext.dirs" value="D:\soft\java\jre\lib\ext;C:\WINDOWS\Sun\Java\lib\ext"/>
    <property name="sun.io.unicode.encoding" value="UnicodeLittle"/>
    <property name="java.class.version" value="52.0"/>
  </properties>
  <testcase name="contextLoads" classname="com.blog.blog.BlogApplicationTests" time="0.093"/>
</testsuite>